<?xml version="1.0" encoding="UTF-8"?>
<testng-results ignored="0" total="1" passed="1" failed="0" skipped="0">
  <reporter-output>
  </reporter-output>
  <suite started-at="2022-03-20T11:21:17 EDT" name="Default suite" finished-at="2022-03-20T11:21:30 EDT" duration-ms="13098">
    <groups>
    </groups>
    <test started-at="2022-03-20T11:21:17 EDT" name="Default test" finished-at="2022-03-20T11:21:30 EDT" duration-ms="13098">
      <class name="seleniumMethods.HW_15_03152022">
        <test-method is-config="true" signature="setUp()[pri:0, instance:seleniumMethods.HW_15_03152022@1b2abca6]" started-at="2022-03-20T11:21:17 EDT" name="setUp" finished-at="2022-03-20T11:21:24 EDT" duration-ms="7315" status="PASS">
          <reporter-output>
          </reporter-output>
        </test-method> <!-- setUp -->
        <test-method signature="logoButtonTest()[pri:0, instance:seleniumMethods.HW_15_03152022@1b2abca6]" started-at="2022-03-20T11:21:24 EDT" name="logoButtonTest" finished-at="2022-03-20T11:21:29 EDT" duration-ms="5594" status="PASS">
          <reporter-output>
          </reporter-output>
        </test-method> <!-- logoButtonTest -->
        <test-method is-config="true" signature="tearUp()[pri:0, instance:seleniumMethods.HW_15_03152022@1b2abca6]" started-at="2022-03-20T11:21:29 EDT" name="tearUp" finished-at="2022-03-20T11:21:30 EDT" duration-ms="167" status="PASS">
          <reporter-output>
          </reporter-output>
        </test-method> <!-- tearUp -->
      </class> <!-- seleniumMethods.HW_15_03152022 -->
    </test> <!-- Default test -->
  </suite> <!-- Default suite -->
</testng-results>
